[debug] [2022-03-03T05:25:29.637Z] ----------------------------------------------------------------------
[debug] [2022-03-03T05:25:29.693Z] Command:       C:\Program Files\nodejs\node.exe C:\Program Files\nodejs\node_modules\firebase-tools\lib\bin\firebase.js init
[debug] [2022-03-03T05:25:29.696Z] CLI Version:   10.1.2
[debug] [2022-03-03T05:25:29.696Z] Platform:      win32
[debug] [2022-03-03T05:25:29.696Z] Node Version:  v16.13.1
[debug] [2022-03-03T05:25:31.374Z] Time:          Thu Mar 03 2022 06:25:29 GMT+0100 (West Africa Standard Time)
[debug] [2022-03-03T05:25:31.376Z] ----------------------------------------------------------------------
[debug] 
[debug] [2022-03-03T05:25:32.787Z] > command requires scopes: ["email","openid","https://www.googleapis.com/auth/cloudplatformprojects.readonly","https://www.googleapis.com/auth/firebase","https://www.googleapis.com/auth/cloud-platform"]
[debug] [2022-03-03T05:25:32.788Z] > authorizing via signed-in user (marcelezenagu92@gmail.com)
[info] 
     ######## #### ########  ######## ########     ###     ######  ########
     ##        ##  ##     ## ##       ##     ##  ##   ##  ##       ##
     ######    ##  ########  ######   ########  #########  ######  ######
     ##        ##  ##    ##  ##       ##     ## ##     ##       ## ##
     ##       #### ##     ## ######## ########  ##     ##  ######  ########

You're about to initialize a Firebase project in this directory:

  C:\DevWorks\acyclo\acyclo-app

Before we get started, keep in mind:

  * You are currently outside your home directory
  * You are initializing within an existing Firebase project directory

